{"/Users/janeweggenmann/careerfoundry/meet/src/App.js": {"path":"/Users/janeweggenmann/careerfoundry/meet/src/App.js","statementMap":{"0":{"start":{"line":8,"column":2},"end":{"line":14,"column":4}}},"fnMap":{"0":{"name":"App","decl":{"start":{"line":7,"column":9},"end":{"line":7,"column":12}},"loc":{"start":{"line":7,"column":15},"end":{"line":15,"column":1}},"line":7}},"branchMap":{},"s":{"0":1},"f":{"0":1},"b":{},"_coverageSchema":"1a1c01bbd47fc00a2c39e90264f33305004495a9","hash":"083631bf8171ba95df6e70339465dea268552851"}
,"/Users/janeweggenmann/careerfoundry/meet/src/CitySearch.js": {"path":"/Users/janeweggenmann/careerfoundry/meet/src/CitySearch.js","statementMap":{"0":{"start":{"line":4,"column":10},"end":{"line":7,"column":3}},"1":{"start":{"line":9,"column":23},"end":{"line":18,"column":3}},"2":{"start":{"line":10,"column":18},"end":{"line":10,"column":36}},"3":{"start":{"line":11,"column":24},"end":{"line":13,"column":6}},"4":{"start":{"line":12,"column":6},"end":{"line":12,"column":70}},"5":{"start":{"line":14,"column":4},"end":{"line":17,"column":7}},"6":{"start":{"line":20,"column":22},"end":{"line":24,"column":3}},"7":{"start":{"line":21,"column":4},"end":{"line":23,"column":7}},"8":{"start":{"line":27,"column":4},"end":{"line":46,"column":6}},"9":{"start":{"line":37,"column":12},"end":{"line":39,"column":17}},"10":{"start":{"line":37,"column":48},"end":{"line":37,"column":82}}},"fnMap":{"0":{"name":"(anonymous_0)","decl":{"start":{"line":9,"column":23},"end":{"line":9,"column":24}},"loc":{"start":{"line":9,"column":34},"end":{"line":18,"column":3}},"line":9},"1":{"name":"(anonymous_1)","decl":{"start":{"line":11,"column":52},"end":{"line":11,"column":53}},"loc":{"start":{"line":11,"column":66},"end":{"line":13,"column":5}},"line":11},"2":{"name":"(anonymous_2)","decl":{"start":{"line":20,"column":22},"end":{"line":20,"column":23}},"loc":{"start":{"line":20,"column":38},"end":{"line":24,"column":3}},"line":20},"3":{"name":"(anonymous_3)","decl":{"start":{"line":26,"column":2},"end":{"line":26,"column":3}},"loc":{"start":{"line":26,"column":11},"end":{"line":47,"column":3}},"line":26},"4":{"name":"(anonymous_4)","decl":{"start":{"line":36,"column":38},"end":{"line":36,"column":39}},"loc":{"start":{"line":37,"column":12},"end":{"line":39,"column":17}},"line":37},"5":{"name":"(anonymous_5)","decl":{"start":{"line":37,"column":42},"end":{"line":37,"column":43}},"loc":{"start":{"line":37,"column":48},"end":{"line":37,"column":82}},"line":37}},"branchMap":{},"s":{"0":1,"1":1,"2":2,"3":2,"4":4,"5":2,"6":1,"7":1,"8":8,"9":6,"10":1},"f":{"0":2,"1":4,"2":1,"3":8,"4":6,"5":1},"b":{},"_coverageSchema":"1a1c01bbd47fc00a2c39e90264f33305004495a9","hash":"b04a9132bd3a0f582e1217dbe9eb4d0a95688e12"}
,"/Users/janeweggenmann/careerfoundry/meet/src/Event.js": {"path":"/Users/janeweggenmann/careerfoundry/meet/src/Event.js","statementMap":{"0":{"start":{"line":7,"column":10},"end":{"line":9,"column":3}},"1":{"start":{"line":11,"column":16},"end":{"line":15,"column":3}},"2":{"start":{"line":12,"column":4},"end":{"line":14,"column":7}},"3":{"start":{"line":18,"column":4},"end":{"line":31,"column":6}}},"fnMap":{"0":{"name":"(anonymous_0)","decl":{"start":{"line":11,"column":16},"end":{"line":11,"column":17}},"loc":{"start":{"line":11,"column":22},"end":{"line":15,"column":3}},"line":11},"1":{"name":"(anonymous_1)","decl":{"start":{"line":17,"column":2},"end":{"line":17,"column":3}},"loc":{"start":{"line":17,"column":11},"end":{"line":32,"column":3}},"line":17}},"branchMap":{},"s":{"0":1,"1":1,"2":2,"3":5},"f":{"0":2,"1":5},"b":{},"_coverageSchema":"1a1c01bbd47fc00a2c39e90264f33305004495a9","hash":"fd58503ca28d9253482f243d41f28f7b83874209"}
,"/Users/janeweggenmann/careerfoundry/meet/src/EventList.js": {"path":"/Users/janeweggenmann/careerfoundry/meet/src/EventList.js","statementMap":{"0":{"start":{"line":6,"column":23},"end":{"line":6,"column":33}},"1":{"start":{"line":7,"column":4},"end":{"line":15,"column":6}},"2":{"start":{"line":10,"column":10},"end":{"line":12,"column":15}}},"fnMap":{"0":{"name":"(anonymous_0)","decl":{"start":{"line":5,"column":2},"end":{"line":5,"column":3}},"loc":{"start":{"line":5,"column":11},"end":{"line":16,"column":3}},"line":5},"1":{"name":"(anonymous_1)","decl":{"start":{"line":9,"column":20},"end":{"line":9,"column":21}},"loc":{"start":{"line":10,"column":10},"end":{"line":12,"column":15}},"line":10}},"branchMap":{},"s":{"0":1,"1":1,"2":2},"f":{"0":1,"1":2},"b":{},"_coverageSchema":"1a1c01bbd47fc00a2c39e90264f33305004495a9","hash":"cb0cc47f8c6432c4f78022353dee803b3aca9ced"}
,"/Users/janeweggenmann/careerfoundry/meet/src/NumberOfEvents.js": {"path":"/Users/janeweggenmann/careerfoundry/meet/src/NumberOfEvents.js","statementMap":{"0":{"start":{"line":4,"column":10},"end":{"line":7,"column":3}},"1":{"start":{"line":9,"column":23},"end":{"line":14,"column":3}},"2":{"start":{"line":10,"column":18},"end":{"line":10,"column":36}},"3":{"start":{"line":11,"column":4},"end":{"line":13,"column":7}},"4":{"start":{"line":17,"column":4},"end":{"line":26,"column":6}}},"fnMap":{"0":{"name":"(anonymous_0)","decl":{"start":{"line":9,"column":23},"end":{"line":9,"column":24}},"loc":{"start":{"line":9,"column":34},"end":{"line":14,"column":3}},"line":9},"1":{"name":"(anonymous_1)","decl":{"start":{"line":16,"column":2},"end":{"line":16,"column":3}},"loc":{"start":{"line":16,"column":11},"end":{"line":27,"column":3}},"line":16}},"branchMap":{},"s":{"0":1,"1":1,"2":1,"3":1,"4":2},"f":{"0":1,"1":2},"b":{},"_coverageSchema":"1a1c01bbd47fc00a2c39e90264f33305004495a9","hash":"2809de806b5297e0e6005d3a26426e3393ec5b4f"}
,"/Users/janeweggenmann/careerfoundry/meet/src/api.js": {"path":"/Users/janeweggenmann/careerfoundry/meet/src/api.js","statementMap":{"0":{"start":{"line":7,"column":32},"end":{"line":11,"column":1}},"1":{"start":{"line":8,"column":25},"end":{"line":8,"column":62}},"2":{"start":{"line":8,"column":47},"end":{"line":8,"column":61}},"3":{"start":{"line":9,"column":18},"end":{"line":9,"column":48}},"4":{"start":{"line":10,"column":2},"end":{"line":10,"column":19}}},"fnMap":{"0":{"name":"(anonymous_0)","decl":{"start":{"line":7,"column":32},"end":{"line":7,"column":33}},"loc":{"start":{"line":7,"column":44},"end":{"line":11,"column":1}},"line":7},"1":{"name":"(anonymous_1)","decl":{"start":{"line":8,"column":36},"end":{"line":8,"column":37}},"loc":{"start":{"line":8,"column":47},"end":{"line":8,"column":61}},"line":8}},"branchMap":{},"s":{"0":1,"1":2,"2":4,"3":2,"4":2},"f":{"0":2,"1":4},"b":{},"_coverageSchema":"1a1c01bbd47fc00a2c39e90264f33305004495a9","hash":"97a94a004790618cad177c101ce4a113c5e34441"}
,"/Users/janeweggenmann/careerfoundry/meet/src/mock-data.js": {"path":"/Users/janeweggenmann/careerfoundry/meet/src/mock-data.js","statementMap":{"0":{"start":{"line":1,"column":17},"end":{"line":80,"column":1}}},"fnMap":{},"branchMap":{},"s":{"0":2},"f":{},"b":{},"_coverageSchema":"1a1c01bbd47fc00a2c39e90264f33305004495a9","hash":"a6baa6b3279f47f99d416df5df42fe47de3c7a3e"}
}
